SSDT @ 0x0000000000000000
    0000: 53 53 44 54 E9 0A 00 00 02 A9 43 4F 52 45 76 34  SSDT......COREv4
    0010: 43 4F 52 45 42 4F 4F 54 00 00 00 00 43 4F 52 45  COREBOOT....CORE
    0020: 28 06 23 20 5B 82 4B 04 43 54 42 4C 08 5F 48 49  (.# [.K.CTBL._HI
    0030: 44 0D 42 4F 4F 54 30 30 30 30 00 08 5F 55 49 44  D.BOOT0000.._UID
    0040: 00 14 09 5F 53 54 41 00 A4 0A 0F 08 5F 43 52 53  ..._STA....._CRS
    0050: 11 20 0B 1C 00 87 17 00 00 1C 02 00 00 00 00 00  . ..............
    0060: 90 E5 7C FF 0F E6 7C 00 00 00 00 00 80 00 00 79  ..|...|........y
    0070: 00 5B 82 4D 3E 5C 2E 5F 53 42 5F 43 50 30 30 08  .[.M>\._SB_CP00.
    0080: 5F 48 49 44 0D 41 43 50 49 30 30 30 37 00 08 5F  _HID.ACPI0007.._
    0090: 55 49 44 00 08 5F 50 43 54 12 2C 02 11 14 0A 11  UID.._PCT.,.....
    00A0: 82 0C 00 7F 00 00 00 00 00 00 00 00 00 00 00 79  ...............y
    00B0: 00 11 14 0A 11 82 0C 00 7F 00 00 00 00 00 00 00  ................
    00C0: 00 00 00 00 79 00 14 0B 5F 50 50 43 00 A4 50 50  ....y..._PPC..PP
    00D0: 43 4D 08 5F 50 53 44 12 18 01 12 15 05 0A 05 0A  CM._PSD.........
    00E0: 00 0C 00 00 00 00 0C FE 00 00 00 0C 02 00 00 00  ................
    00F0: 08 5F 50 53 53 12 4A 0E 07 12 20 06 0C F0 0A 00  ._PSS.J... .....
    0100: 00 0C D8 D6 00 00 0C 0A 00 00 00 0C 0A 00 00 00  ................
    0110: 0C 00 1C 00 00 0C 00 1C 00 00 12 20 06 0C 28 0A  ........... ..(.
    0120: 00 00 0C CA C2 00 00 0C 0A 00 00 00 0C 0A 00 00  ................
    0130: 00 0C 00 1A 00 00 0C 00 1A 00 00 12 20 06 0C 60  ............ ..`
    0140: 09 00 00 0C A6 AF 00 00 0C 0A 00 00 00 0C 0A 00  ................
    0150: 00 00 0C 00 18 00 00 0C 00 18 00 00 12 20 06 0C  ............. ..
    0160: 98 08 00 00 0C 2F 9D 00 00 0C 0A 00 00 00 0C 0A  ...../..........
    0170: 00 00 00 0C 00 16 00 00 0C 00 16 00 00 12 20 06  .............. .
    0180: 0C D0 07 00 00 0C BE 8B 00 00 0C 0A 00 00 00 0C  ................
    0190: 0A 00 00 00 0C 00 14 00 00 0C 00 14 00 00 12 20  ............... 
    01A0: 06 0C 08 07 00 00 0C 9E 7A 00 00 0C 0A 00 00 00  ........z.......
    01B0: 0C 0A 00 00 00 0C 00 12 00 00 0C 00 12 00 00 12  ................
    01C0: 20 06 0C 40 06 00 00 0C 7B 6A 00 00 0C 0A 00 00   ..@....{j......
    01D0: 00 0C 0A 00 00 00 0C 00 10 00 00 0C 00 10 00 00  ................
    01E0: 08 5F 43 53 54 12 4E 06 04 0A 03 12 22 04 11 15  ._CST.N....."...
    01F0: 0B 11 00 82 0C 00 7F 01 02 01 00 00 00 00 00 00  ................
    0200: 00 00 79 00 0A 01 0B 01 00 0C E8 03 00 00 12 22  ..y............"
    0210: 04 11 15 0B 11 00 82 0C 00 7F 01 02 01 10 00 00  ................
    0220: 00 00 00 00 00 79 00 0A 02 0B 3F 00 0C F4 01 00  .....y....?.....
    0230: 00 12 22 04 11 15 0B 11 00 82 0C 00 7F 01 02 01  ..".............
    0240: 20 00 00 00 00 00 00 00 79 00 0A 03 0B 57 00 0C   .......y....W..
    0250: 5E 01 00 00 08 5F 54 53 44 12 18 01 12 15 05 0A  ^...._TSD.......
    0260: 05 0A 00 0C 00 00 00 00 0C FC 00 00 00 0C 02 00  ................
    0270: 00 00 08 5F 50 54 43 12 2E 02 11 15 0B 11 00 82  ..._PTC.........
    0280: 0C 00 7F 00 00 00 00 00 00 00 00 00 00 00 79 00  ..............y.
    0290: 11 15 0B 11 00 82 0C 00 7F 00 00 00 00 00 00 00  ................
    02A0: 00 00 00 00 79 00 14 0C 5F 54 50 43 00 A4 5C 54  ....y..._TPC..\T
    02B0: 4C 56 4C 08 5F 54 53 53 12 47 1A 0F 12 1B 05 0C  LVL._TSS.G......
    02C0: 64 00 00 00 0C E8 03 00 00 0C 00 00 00 00 0C 00  d...............
    02D0: 00 00 00 0C 00 00 00 00 12 1B 05 0C 5E 00 00 00  ............^...
    02E0: 0C AC 03 00 00 0C 00 00 00 00 0C 1F 00 00 00 0C  ................
    02F0: 00 00 00 00 12 1B 05 0C 58 00 00 00 0C 70 03 00  ........X....p..
    0300: 00 0C 00 00 00 00 0C 1E 00 00 00 0C 00 00 00 00  ................
    0310: 12 1B 05 0C 52 00 00 00 0C 34 03 00 00 0C 00 00  ....R....4......
    0320: 00 00 0C 1D 00 00 00 0C 00 00 00 00 12 1B 05 0C  ................
    0330: 4B 00 00 00 0C F8 02 00 00 0C 00 00 00 00 0C 1C  K...............
    0340: 00 00 00 0C 00 00 00 00 12 1B 05 0C 45 00 00 00  ............E...
    0350: 0C BC 02 00 00 0C 00 00 00 00 0C 1B 00 00 00 0C  ................
    0360: 00 00 00 00 12 1B 05 0C 3F 00 00 00 0C 80 02 00  ........?.......
    0370: 00 0C 00 00 00 00 0C 1A 00 00 00 0C 00 00 00 00  ................
    0380: 12 1B 05 0C 39 00 00 00 0C 44 02 00 00 0C 00 00  ....9....D......
    0390: 00 00 0C 19 00 00 00 0C 00 00 00 00 12 1B 05 0C  ................
    03A0: 32 00 00 00 0C 08 02 00 00 0C 00 00 00 00 0C 18  2...............
    03B0: 00 00 00 0C 00 00 00 00 12 1B 05 0C 2C 00 00 00  ............,...
    03C0: 0C CC 01 00 00 0C 00 00 00 00 0C 17 00 00 00 0C  ................
    03D0: 00 00 00 00 12 1B 05 0C 26 00 00 00 0C 90 01 00  ........&.......
    03E0: 00 0C 00 00 00 00 0C 16 00 00 00 0C 00 00 00 00  ................
    03F0: 12 1B 05 0C 20 00 00 00 0C 54 01 00 00 0C 00 00  .... ....T......
    0400: 00 00 0C 15 00 00 00 0C 00 00 00 00 12 1B 05 0C  ................
    0410: 19 00 00 00 0C 18 01 00 00 0C 00 00 00 00 0C 14  ................
    0420: 00 00 00 0C 00 00 00 00 12 1B 05 0C 13 00 00 00  ................
    0430: 0C DC 00 00 00 0C 00 00 00 00 0C 13 00 00 00 0C  ................
    0440: 00 00 00 00 12 1B 05 0C 0D 00 00 00 0C A0 00 00  ................
    0450: 00 0C 00 00 00 00 0C 12 00 00 00 0C 00 00 00 00  ................
    0460: 5B 82 4D 3E 5C 2E 5F 53 42 5F 43 50 30 31 08 5F  [.M>\._SB_CP01._
    0470: 48 49 44 0D 41 43 50 49 30 30 30 37 00 08 5F 55  HID.ACPI0007.._U
    0480: 49 44 01 08 5F 50 43 54 12 2C 02 11 14 0A 11 82  ID.._PCT.,......
    0490: 0C 00 7F 00 00 00 00 00 00 00 00 00 00 00 79 00  ..............y.
    04A0: 11 14 0A 11 82 0C 00 7F 00 00 00 00 00 00 00 00  ................
    04B0: 00 00 00 79 00 14 0B 5F 50 50 43 00 A4 50 50 43  ...y..._PPC..PPC
    04C0: 4D 08 5F 50 53 44 12 18 01 12 15 05 0A 05 0A 00  M._PSD..........
    04D0: 0C 00 00 00 00 0C FE 00 00 00 0C 02 00 00 00 08  ................
    04E0: 5F 50 53 53 12 4A 0E 07 12 20 06 0C F0 0A 00 00  _PSS.J... ......
    04F0: 0C D8 D6 00 00 0C 0A 00 00 00 0C 0A 00 00 00 0C  ................
    0500: 00 1C 00 00 0C 00 1C 00 00 12 20 06 0C 28 0A 00  .......... ..(..
    0510: 00 0C CA C2 00 00 0C 0A 00 00 00 0C 0A 00 00 00  ................
    0520: 0C 00 1A 00 00 0C 00 1A 00 00 12 20 06 0C 60 09  ........... ..`.
    0530: 00 00 0C A6 AF 00 00 0C 0A 00 00 00 0C 0A 00 00  ................
    0540: 00 0C 00 18 00 00 0C 00 18 00 00 12 20 06 0C 98  ............ ...
    0550: 08 00 00 0C 2F 9D 00 00 0C 0A 00 00 00 0C 0A 00  ..../...........
    0560: 00 00 0C 00 16 00 00 0C 00 16 00 00 12 20 06 0C  ............. ..
    0570: D0 07 00 00 0C BE 8B 00 00 0C 0A 00 00 00 0C 0A  ................
    0580: 00 00 00 0C 00 14 00 00 0C 00 14 00 00 12 20 06  .............. .
    0590: 0C 08 07 00 00 0C 9E 7A 00 00 0C 0A 00 00 00 0C  .......z........
    05A0: 0A 00 00 00 0C 00 12 00 00 0C 00 12 00 00 12 20  ............... 
    05B0: 06 0C 40 06 00 00 0C 7B 6A 00 00 0C 0A 00 00 00  ..@....{j.......
    05C0: 0C 0A 00 00 00 0C 00 10 00 00 0C 00 10 00 00 08  ................
    05D0: 5F 43 53 54 12 4E 06 04 0A 03 12 22 04 11 15 0B  _CST.N....."....
    05E0: 11 00 82 0C 00 7F 01 02 01 00 00 00 00 00 00 00  ................
    05F0: 00 79 00 0A 01 0B 01 00 0C E8 03 00 00 12 22 04  .y............".
    0600: 11 15 0B 11 00 82 0C 00 7F 01 02 01 10 00 00 00  ................
    0610: 00 00 00 00 79 00 0A 02 0B 3F 00 0C F4 01 00 00  ....y....?......
    0620: 12 22 04 11 15 0B 11 00 82 0C 00 7F 01 02 01 20  ."............. 
    0630: 00 00 00 00 00 00 00 79 00 0A 03 0B 57 00 0C 5E  .......y....W..^
    0640: 01 00 00 08 5F 54 53 44 12 18 01 12 15 05 0A 05  ...._TSD........
    0650: 0A 00 0C 00 00 00 00 0C FC 00 00 00 0C 02 00 00  ................
    0660: 00 08 5F 50 54 43 12 2E 02 11 15 0B 11 00 82 0C  .._PTC..........
    0670: 00 7F 00 00 00 00 00 00 00 00 00 00 00 79 00 11  .............y..
    0680: 15 0B 11 00 82 0C 00 7F 00 00 00 00 00 00 00 00  ................
    0690: 00 00 00 79 00 14 0C 5F 54 50 43 00 A4 5C 54 4C  ...y..._TPC..\TL
    06A0: 56 4C 08 5F 54 53 53 12 47 1A 0F 12 1B 05 0C 64  VL._TSS.G......d
    06B0: 00 00 00 0C E8 03 00 00 0C 00 00 00 00 0C 00 00  ................
    06C0: 00 00 0C 00 00 00 00 12 1B 05 0C 5E 00 00 00 0C  ...........^....
    06D0: AC 03 00 00 0C 00 00 00 00 0C 1F 00 00 00 0C 00  ................
    06E0: 00 00 00 12 1B 05 0C 58 00 00 00 0C 70 03 00 00  .......X....p...
    06F0: 0C 00 00 00 00 0C 1E 00 00 00 0C 00 00 00 00 12  ................
    0700: 1B 05 0C 52 00 00 00 0C 34 03 00 00 0C 00 00 00  ...R....4.......
    0710: 00 0C 1D 00 00 00 0C 00 00 00 00 12 1B 05 0C 4B  ...............K
    0720: 00 00 00 0C F8 02 00 00 0C 00 00 00 00 0C 1C 00  ................
    0730: 00 00 0C 00 00 00 00 12 1B 05 0C 45 00 00 00 0C  ...........E....
    0740: BC 02 00 00 0C 00 00 00 00 0C 1B 00 00 00 0C 00  ................
    0750: 00 00 00 12 1B 05 0C 3F 00 00 00 0C 80 02 00 00  .......?........
    0760: 0C 00 00 00 00 0C 1A 00 00 00 0C 00 00 00 00 12  ................
    0770: 1B 05 0C 39 00 00 00 0C 44 02 00 00 0C 00 00 00  ...9....D.......
    0780: 00 0C 19 00 00 00 0C 00 00 00 00 12 1B 05 0C 32  ...............2
    0790: 00 00 00 0C 08 02 00 00 0C 00 00 00 00 0C 18 00  ................
    07A0: 00 00 0C 00 00 00 00 12 1B 05 0C 2C 00 00 00 0C  ...........,....
    07B0: CC 01 00 00 0C 00 00 00 00 0C 17 00 00 00 0C 00  ................
    07C0: 00 00 00 12 1B 05 0C 26 00 00 00 0C 90 01 00 00  .......&........
    07D0: 0C 00 00 00 00 0C 16 00 00 00 0C 00 00 00 00 12  ................
    07E0: 1B 05 0C 20 00 00 00 0C 54 01 00 00 0C 00 00 00  ... ....T.......
    07F0: 00 0C 15 00 00 00 0C 00 00 00 00 12 1B 05 0C 19  ................
    0800: 00 00 00 0C 18 01 00 00 0C 00 00 00 00 0C 14 00  ................
    0810: 00 00 0C 00 00 00 00 12 1B 05 0C 13 00 00 00 0C  ................
    0820: DC 00 00 00 0C 00 00 00 00 0C 13 00 00 00 0C 00  ................
    0830: 00 00 00 12 1B 05 0C 0D 00 00 00 0C A0 00 00 00  ................
    0840: 0C 00 00 00 00 0C 12 00 00 00 0C 00 00 00 00 08  ................
    0850: 50 50 4B 47 12 16 02 5C 2E 5F 53 42 5F 43 50 30  PPKG...\._SB_CP0
    0860: 30 5C 2E 5F 53 42 5F 43 50 30 31 14 24 5C 2E 5F  0\._SB_CP01.$\._
    0870: 53 42 5F 43 4E 4F 54 01 86 5C 2E 5F 53 42 5F 43  SB_CNOT..\._SB_C
    0880: 50 30 30 68 86 5C 2E 5F 53 42 5F 43 50 30 31 68  P00h.\._SB_CP01h
    0890: 10 1F 5C 00 08 41 34 47 42 0E 00 00 60 00 01 00  ..\..A4GB...`...
    08A0: 00 00 08 41 34 47 53 0E 00 00 A0 FF 0E 00 00 00  ...A4GS.........
    08B0: 10 40 1C 5C 2E 5F 53 42 5F 50 43 49 30 14 43 1B  .@.\._SB_PCI0.C.
    08C0: 5F 50 52 54 00 A0 43 09 50 49 43 4D A4 12 4B 08  _PRT..C.PICM..K.
    08D0: 08 12 10 04 0C FF FF 01 00 0A 00 0A 00 0C 10 00  ................
    08E0: 00 00 12 10 04 0C FF FF 19 00 0A 00 0A 00 0C 11  ................
    08F0: 00 00 00 12 10 04 0C FF FF 1A 00 0A 00 0A 00 0C  ................
    0900: 13 00 00 00 12 10 04 0C FF FF 1B 00 0A 00 0A 00  ................
    0910: 0C 13 00 00 00 12 10 04 0C FF FF 1C 00 0A 00 0A  ................
    0920: 00 0C 10 00 00 00 12 10 04 0C FF FF 1D 00 0A 00  ................
    0930: 0A 00 0C 12 00 00 00 12 10 04 0C FF FF 1F 00 0A  ................
    0940: 00 0A 00 0C 10 00 00 00 12 10 04 0C FF FF 1F 00  ................
    0950: 0A 01 0A 00 0C 10 00 00 00 A1 47 11 A4 12 43 11  ..........G...C.
    0960: 08 12 21 04 0C FF FF 01 00 0A 00 5C 2F 04 5F 53  ..!........\/._S
    0970: 42 5F 50 43 49 30 4C 50 43 42 4C 4E 4B 41 0C 00  B_PCI0LPCBLNKA..
    0980: 00 00 00 12 21 04 0C FF FF 19 00 0A 00 5C 2F 04  ....!........\/.
    0990: 5F 53 42 5F 50 43 49 30 4C 50 43 42 4C 4E 4B 42  _SB_PCI0LPCBLNKB
    09A0: 0C 00 00 00 00 12 21 04 0C FF FF 1A 00 0A 00 5C  ......!........\
    09B0: 2F 04 5F 53 42 5F 50 43 49 30 4C 50 43 42 4C 4E  /._SB_PCI0LPCBLN
    09C0: 4B 44 0C 00 00 00 00 12 21 04 0C FF FF 1B 00 0A  KD......!.......
    09D0: 00 5C 2F 04 5F 53 42 5F 50 43 49 30 4C 50 43 42  .\/._SB_PCI0LPCB
    09E0: 4C 4E 4B 44 0C 00 00 00 00 12 21 04 0C FF FF 1C  LNKD......!.....
    09F0: 00 0A 00 5C 2F 04 5F 53 42 5F 50 43 49 30 4C 50  ...\/._SB_PCI0LP
    0A00: 43 42 4C 4E 4B 41 0C 00 00 00 00 12 21 04 0C FF  CBLNKA......!...
    0A10: FF 1D 00 0A 00 5C 2F 04 5F 53 42 5F 50 43 49 30  .....\/._SB_PCI0
    0A20: 4C 50 43 42 4C 4E 4B 43 0C 00 00 00 00 12 21 04  LPCBLNKC......!.
    0A30: 0C FF FF 1F 00 0A 00 5C 2F 04 5F 53 42 5F 50 43  .......\/._SB_PC
    0A40: 49 30 4C 50 43 42 4C 4E 4B 41 0C 00 00 00 00 12  I0LPCBLNKA......
    0A50: 21 04 0C FF FF 1F 00 0A 01 5C 2F 04 5F 53 42 5F  !........\/._SB_
    0A60: 50 43 49 30 4C 50 43 42 4C 4E 4B 41 0C 00 00 00  PCI0LPCBLNKA....
    0A70: 00 10 47 07 5C 2F 03 5F 53 42 5F 50 43 49 30 53  ..G.\/._SB_PCI0S
    0A80: 41 54 41 5B 82 0F 50 52 30 30 08 5F 41 44 52 0C  ATA[..PR00._ADR.
    0A90: FF FF 00 00 5B 82 0F 50 52 30 31 08 5F 41 44 52  ....[..PR01._ADR
    0AA0: 0C FF FF 01 00 5B 82 0F 50 52 30 32 08 5F 41 44  .....[..PR02._AD
    0AB0: 52 0C FF FF 02 00 5B 82 0F 50 52 30 33 08 5F 41  R.....[..PR03._A
    0AC0: 44 52 0C FF FF 03 00 5B 82 0F 50 52 30 34 08 5F  DR.....[..PR04._
    0AD0: 41 44 52 0C FF FF 04 00 5B 82 0F 50 52 30 35 08  ADR.....[..PR05.
    0AE0: 5F 41 44 52 0C FF FF 05 00                       _ADR.....

SPCR @ 0x0000000000000000
    0000: 53 50 43 52 58 00 00 00 04 8C 43 4F 52 45 76 34  SPCRX.....COREv4
    0010: 43 4F 52 45 42 4F 4F 54 00 00 00 00 43 4F 52 45  COREBOOT....CORE
    0020: 28 06 23 20 12 00 00 00 01 08 00 01 F8 03 00 00  (.# ............
    0030: 00 00 00 00 00 00 00 00 00 00 00 00 01 00 02 00  ................
    0040: FF FF FF FF 00 00 00 00 00 00 00 00 00 00 00 00  ................
    0050: 00 00 00 00 00 00 00 00                          ........

MCFG @ 0x0000000000000000
    0000: 4D 43 46 47 3C 00 00 00 01 AD 43 4F 52 45 76 34  MCFG<.....COREv4
    0010: 43 4F 52 45 42 4F 4F 54 00 00 00 00 43 4F 52 45  COREBOOT....CORE
    0020: 28 06 23 20 00 00 00 00 00 00 00 00 00 00 00 F0  (.# ............
    0030: 00 00 00 00 00 00 00 3F 00 00 00 00              .......?....

APIC @ 0x0000000000000000
    0000: 41 50 49 43 62 00 00 00 03 A8 43 4F 52 45 76 34  APICb.....COREv4
    0010: 43 4F 52 45 42 4F 4F 54 00 00 00 00 43 4F 52 45  COREBOOT....CORE
    0020: 28 06 23 20 00 00 E0 FE 01 00 00 00 00 08 00 00  (.# ............
    0030: 01 00 00 00 00 08 01 02 01 00 00 00 04 06 FF 05  ................
    0040: 00 01 01 0C 00 00 00 00 C0 FE 00 00 00 00 02 0A  ................
    0050: 00 00 02 00 00 00 05 00 02 0A 00 09 09 00 00 00  ................
    0060: 0D 00                                            ..

DSDT @ 0x0000000000000000
    0000: 44 53 44 54 65 23 00 00 02 45 43 4F 52 45 76 34  DSDTe#...ECOREv4
    0010: 43 4F 52 45 42 4F 4F 54 18 10 14 20 49 4E 54 4C  COREBOOT... INTL
    0020: 28 06 23 20 10 11 5C 00 5B 80 47 4E 56 53 00 0C  (.# ..\.[.GNVS..
    0030: C0 E5 FF 7C 0A FA A0 47 05 00 15 5C 47 4E 56 53  ...|...G...\GNVS
    0040: 0A 00 15 5C 44 4E 56 53 0A 00 15 5C 2E 5F 53 42  ...\DNVS...\._SB
    0050: 5F 43 4E 4F 54 08 01 15 5C 2E 5F 54 5A 5F 53 4B  _CNOT...\._TZ_SK
    0060: 49 4E 00 00 15 5C 4F 53 46 47 01 00 15 5C 2F 03  IN...\OSFG...\/.
    0070: 5F 53 42 5F 43 50 30 30 5F 50 53 53 00 00 15 5C  _SB_CP00_PSS...\
    0080: 41 34 47 53 01 00 15 5C 41 34 47 42 01 00 08 4F  A4GS...\A4GB...O
    0090: 53 59 53 00 08 50 49 43 4D 00 08 50 57 52 53 01  SYS..PICM..PWRS.
    00A0: 14 0C 5F 50 49 43 01 70 68 50 49 43 4D 10 47 0C  .._PIC.phPICM.G.
    00B0: 5F 53 42 5F 08 50 43 42 41 0C 00 00 00 F0 08 50  _SB_.PCBA......P
    00C0: 43 4C 4E 0C 00 00 00 04 5B 80 50 43 46 47 00 50  CLN.....[.PCFG.P
    00D0: 43 42 41 50 43 4C 4E 5B 82 4C 09 50 45 52 43 08  CBAPCLN[.L.PERC.
    00E0: 5F 48 49 44 0C 41 D0 0C 02 14 4B 08 5F 43 52 53  _HID.A....K._CRS
    00F0: 08 08 52 42 55 46 11 33 0A 30 8A 2B 00 00 0D 01  ..RBUF.3.0.+....
    0100: 00 00 00 00 00 00 00 00 00 00 00 00 00 00 00 00  ................
    0110: 01 00 00 00 00 00 00 00 00 00 00 00 00 00 00 00  ................
    0120: 02 00 00 00 00 00 00 00 79 00 8F 52 42 55 46 0A  ........y..RBUF.
    0130: 0E 4D 49 4E 31 8F 52 42 55 46 0A 16 4D 41 58 31  .MIN1.RBUF..MAX1
    0140: 8F 52 42 55 46 0A 26 4C 45 4E 31 70 0C 00 00 00  .RBUF.&LEN1p....
    0150: F0 4D 49 4E 31 74 72 4D 49 4E 31 0C 00 00 00 04  .MIN1trMIN1.....
    0160: 00 01 4D 41 58 31 70 0C 00 00 00 04 4C 45 4E 31  ..MAX1p.....LEN1
    0170: A4 52 42 55 46 14 0C 5F 57 41 4B 01 A4 12 04 02  .RBUF.._WAK.....
    0180: 00 00 14 06 5F 50 54 53 01 14 12 50 4E 4F 54 00  ...._PTS...PNOT.
    0190: 5C 2E 5F 53 42 5F 43 4E 4F 54 0A 81 14 12 50 50  \._SB_CNOT....PP
    01A0: 43 4E 00 5C 2E 5F 53 42 5F 43 4E 4F 54 0A 80 14  CN.\._SB_CNOT...
    01B0: 12 54 4E 4F 54 00 5C 2E 5F 53 42 5F 43 4E 4F 54  .TNOT.\._SB_CNOT
    01C0: 0A 82 5B 80 41 50 4D 50 01 0A B2 0A 02 5B 81 10  ..[.APMP.....[..
    01D0: 41 50 4D 50 01 41 50 4D 43 08 41 50 4D 53 08 5B  APMP.APMC.APMS.[
    01E0: 80 50 4F 53 54 01 0A 80 01 5B 81 0B 50 4F 53 54  .POST....[..POST
    01F0: 11 44 42 47 30 08 14 41 09 47 4F 53 5F 00 70 0B  .DBG0..A.GOS_.p.
    0200: D0 07 4F 53 59 53 A0 41 08 5B 12 5F 4F 53 49 00  ..OSYS.A.[._OSI.
    0210: A0 1B 5F 4F 53 49 0D 57 69 6E 64 6F 77 73 20 32  .._OSI.Windows 2
    0220: 30 30 31 00 70 0B D1 07 4F 53 59 53 A0 1F 5F 4F  001.p...OSYS.._O
    0230: 53 49 0D 57 69 6E 64 6F 77 73 20 32 30 30 31 20  SI.Windows 2001 
    0240: 53 50 31 00 70 0B D1 07 4F 53 59 53 A0 1F 5F 4F  SP1.p...OSYS.._O
    0250: 53 49 0D 57 69 6E 64 6F 77 73 20 32 30 30 31 20  SI.Windows 2001 
    0260: 53 50 32 00 70 0B D2 07 4F 53 59 53 A0 1B 5F 4F  SP2.p...OSYS.._O
    0270: 53 49 0D 57 69 6E 64 6F 77 73 20 32 30 30 36 00  SI.Windows 2006.
    0280: 70 0B D6 07 4F 53 59 53 14 1C 48 50 54 53 01 A0  p...OSYS..HPTS..
    0290: 05 92 68 A4 00 A0 0C 95 4F 53 59 53 0B D1 07 A4  ..h.....OSYS....
    02A0: 0A 0B A4 0A 0F 5B 81 4B 16 47 4E 56 53 01 00 10  .....[.K.GNVS...
    02B0: 53 4D 49 46 08 00 08 00 08 53 43 49 46 08 00 08  SMIF.....SCIF...
    02C0: 00 08 00 08 00 08 00 08 50 38 30 44 20 4C 49 44  ........P80D LID
    02D0: 53 08 00 08 00 00 54 4C 56 4C 08 46 4C 56 4C 08  S.....TLVL.FLVL.
    02E0: 54 43 52 54 08 54 50 53 56 08 54 4D 41 58 08 46  TCRT.TPSV.TMAX.F
    02F0: 30 4F 46 08 46 30 4F 4E 08 46 30 50 57 08 46 31  0OF.F0ON.F0PW.F1
    0300: 4F 46 08 46 31 4F 4E 08 46 31 50 57 08 46 32 4F  OF.F1ON.F1PW.F2O
    0310: 46 08 46 32 4F 4E 08 46 32 50 57 08 46 33 4F 46  F.F2ON.F2PW.F3OF
    0320: 08 46 33 4F 4E 08 46 33 50 57 08 46 34 4F 46 08  .F3ON.F3PW.F4OF.
    0330: 46 34 4F 4E 08 46 34 50 57 08 54 4D 50 53 08 00  F4ON.F4PW.TMPS..
    0340: 10 00 08 00 08 50 43 50 30 08 50 43 50 31 08 50  .....PCP0.PCP1.P
    0350: 50 43 4D 08 00 08 00 20 4E 41 54 50 08 53 35 55  PCM.... NATP.S5U
    0360: 30 08 53 35 55 31 08 53 33 55 30 08 53 33 55 31  0.S5U1.S3U0.S3U1
    0370: 08 53 33 33 47 08 00 20 00 00 49 47 44 53 08 54  .S33G.. ..IGDS.T
    0380: 4C 53 54 08 43 41 44 4C 08 50 41 44 4C 08 00 40  LST.CADL.PADL..@
    0390: 12 42 4C 43 53 08 42 52 54 4C 08 4F 44 44 53 08  .BLCS.BRTL.ODDS.
    03A0: 00 38 41 4C 53 45 08 41 4C 41 46 08 4C 4C 4F 57  .8ALSE.ALAF.LLOW
    03B0: 08 4C 48 49 48 08 00 30 45 4D 41 45 08 45 4D 41  .LHIH..0EMAE.EMA
    03C0: 50 10 45 4D 41 4C 10 00 28 4D 45 46 45 08 00 48  P.EMAL..(MEFE..H
    03D0: 04 54 50 4D 50 08 54 50 4D 45 08 00 40 04 47 54  .TPMP.TPME..@.GT
    03E0: 46 30 38 47 54 46 31 38 47 54 46 32 38 49 44 45  F08GTF18GTF28IDE
    03F0: 4D 08 49 44 45 54 08 00 28 58 48 43 49 08 50 4D  M.IDET..(XHCI.PM
    0400: 31 49 20 47 50 45 49 20 00 40 1D 54 50 49 51 08  1I GPEI .@.TPIQ.
    0410: 00 20 14 22 54 5A 55 50 00 A0 1B 5B 12 5C 2E 5F  . ."TZUP...[.\._
    0420: 54 5A 5F 53 4B 49 4E 00 86 5C 2E 5F 54 5A 5F 53  TZ_SKIN..\._TZ_S
    0430: 4B 49 4E 0A 81 14 16 46 30 55 54 02 70 68 46 30  KIN....F0UT.phF0
    0440: 4F 46 70 69 46 30 4F 4E 54 5A 55 50 14 16 46 31  OFpiF0ONTZUP..F1
    0450: 55 54 02 70 68 46 31 4F 46 70 69 46 31 4F 4E 54  UT.phF1OFpiF1ONT
    0460: 5A 55 50 14 16 46 32 55 54 02 70 68 46 32 4F 46  ZUP..F2UT.phF2OF
    0470: 70 69 46 32 4F 4E 54 5A 55 50 14 16 46 33 55 54  piF2ONTZUP..F3UT
    0480: 02 70 68 46 33 4F 46 70 69 46 33 4F 4E 54 5A 55  .phF3OFpiF3ONTZU
    0490: 50 14 16 46 34 55 54 02 70 68 46 34 4F 46 70 69  P..F4UT.phF4OFpi
    04A0: 46 34 4F 4E 54 5A 55 50 14 10 54 4D 50 55 01 70  F4ONTZUP..TMPU.p
    04B0: 68 54 4D 50 53 54 5A 55 50 08 53 53 46 47 0A 0D  hTMPSTZUP.SSFG..
    04C0: A0 0D 00 7B 53 53 46 47 0A FE 53 53 46 47 A0 0D  ...{SSFG..SSFG..
    04D0: 00 7B 53 53 46 47 0A F7 53 53 46 47 A0 12 5B 12  .{SSFG..SSFG..[.
    04E0: 5C 4F 53 46 47 00 70 4F 53 46 47 53 53 46 47 08  \OSFG.pOSFGSSFG.
    04F0: 5F 53 30 5F 12 06 04 00 00 00 00 A0 14 7B 53 53  _S0_.........{SS
    0500: 46 47 01 00 08 5F 53 31 5F 12 06 04 01 00 00 00  FG..._S1_.......
    0510: A0 16 7B 53 53 46 47 0A 04 00 08 5F 53 33 5F 12  ..{SSFG...._S3_.
    0520: 07 04 0A 05 00 00 00 A0 17 7B 53 53 46 47 0A 08  .........{SSFG..
    0530: 00 08 5F 53 34 5F 12 08 04 0A 06 0A 04 00 00 08  .._S4_..........
    0540: 5F 53 35 5F 12 07 04 0A 07 00 00 00 5B 82 87 E1  _S5_........[...
    0550: 01 2E 5F 53 42 5F 50 43 49 30 08 5F 48 49 44 0C  .._SB_PCI0._HID.
    0560: 41 D0 0A 08 08 5F 43 49 44 0C 41 D0 0A 03 08 5F  A...._CID.A...._
    0570: 42 42 4E 00 5B 82 42 2E 4D 43 48 43 08 5F 41 44  BBN.[.B.MCHC._AD
    0580: 52 00 5B 80 4D 43 48 50 02 00 0B 00 01 5B 81 42  R.[.MCHP.....[.B
    0590: 0D 4D 43 48 50 03 00 40 20 45 50 45 4E 01 00 0B  .MCHP..@ EPEN...
    05A0: 45 50 42 52 1B 00 19 4D 48 45 4E 01 00 0E 4D 48  EPBR...MHEN...MH
    05B0: 42 52 18 00 39 44 56 45 4E 20 00 40 04 50 58 45  BR..9DVEN .@.PXE
    05C0: 4E 01 50 58 53 5A 02 00 17 50 58 42 52 0D 00 19  N.PXSZ...PXBR...
    05D0: 44 4D 45 4E 01 00 0B 44 4D 42 52 1B 00 19 4D 45  DMEN...DMBR...ME
    05E0: 42 41 40 04 00 40 04 00 04 50 4D 30 48 02 00 02  BA@..@...PM0H...
    05F0: 00 00 50 4D 31 4C 02 00 02 50 4D 31 48 02 00 02  ..PM1L...PM1H...
    0600: 00 00 50 4D 32 4C 02 00 02 50 4D 32 48 02 00 02  ..PM2L...PM2H...
    0610: 00 00 50 4D 33 4C 02 00 02 50 4D 33 48 02 00 02  ..PM3L...PM3H...
    0620: 00 00 50 4D 34 4C 02 00 02 50 4D 34 48 02 00 02  ..PM4L...PM4H...
    0630: 00 00 50 4D 35 4C 02 00 02 50 4D 35 48 02 00 02  ..PM5L...PM5H...
    0640: 00 00 50 4D 36 4C 02 00 02 50 4D 36 48 02 00 02  ..PM6L...PM6H...
    0650: 00 48 0C 54 4F 4D 5F 40 04 00 40 0A 54 4C 55 44  .H.TOM_@..@.TLUD
    0660: 20 5B 01 43 54 43 4D 01 08 43 54 43 43 00 08 43   [.CTCM..CTCC..C
    0670: 54 43 4E 00 08 43 54 43 44 01 08 43 54 43 55 0A  TCN..CTCD..CTCU.
    0680: 02 5B 80 4D 43 48 42 00 79 4D 48 42 52 0A 0F 00  .[.MCHB.yMHBR...
    0690: 0B 00 80 5B 81 40 07 4D 43 48 42 13 00 80 98 2C  ...[.@.MCHB....,
    06A0: 43 54 44 4E 0F 00 41 37 50 4C 31 56 0F 50 4C 31  CTDN..A7PL1V.PL1
    06B0: 45 01 50 4C 31 43 01 50 4C 31 54 07 00 08 50 4C  E.PL1C.PL1T...PL
    06C0: 32 56 0F 50 4C 32 45 01 50 4C 32 43 01 50 4C 32  2V.PL2E.PL2C.PL2
    06D0: 54 07 00 88 CA 02 54 41 52 4E 08 00 18 43 54 44  T.....TARN...CTD
    06E0: 44 0F 00 01 54 41 52 44 08 00 28 43 54 44 55 0F  D...TARD..(CTDU.
    06F0: 00 01 54 41 52 55 08 00 28 43 54 43 53 02 00 1E  ..TARU..(CTCS...
    0700: 54 41 52 53 08 14 45 04 50 53 53 53 01 70 01 60  TARS..E.PSSS.p.`
    0710: 70 87 5E 5E 5E 2E 43 50 30 30 5F 50 53 53 61 A2  p.^^^.CP00_PSSa.
    0720: 29 95 60 61 7A 83 88 83 88 5E 5E 5E 2E 43 50 30  ).`az....^^^.CP0
    0730: 30 5F 50 53 53 60 00 0A 04 00 0A 08 62 A0 09 93  0_PSS`......b...
    0740: 62 68 A4 74 60 01 00 75 60 A4 00 14 44 08 53 54  bh.t`..u`...D.ST
    0750: 4E 44 08 A0 0B 5B 23 43 54 43 4D 64 00 A4 00 A0  ND...[#CTCMd....
    0760: 12 93 43 54 43 44 43 54 43 43 5B 27 43 54 43 4D  ..CTCDCTCC['CTCM
    0770: A4 00 70 0D 53 65 74 20 54 44 50 20 44 6F 77 6E  ..p.Set TDP Down
    0780: 00 5B 31 70 43 54 43 44 43 54 43 53 70 54 41 52  .[1pCTCDCTCSpTAR
    0790: 44 54 41 52 53 70 50 53 53 53 54 41 52 44 50 50  DTARSpPSSSTARDPP
    07A0: 43 4D 50 50 43 4E 78 77 43 54 44 44 0A 7D 00 0A  CMPPCNxwCTDD.}..
    07B0: 64 00 50 4C 32 56 70 43 54 44 44 50 4C 31 56 70  d.PL2VpCTDDPL1Vp
    07C0: 43 54 43 44 43 54 43 43 5B 27 43 54 43 4D A4 01  CTCDCTCC['CTCM..
    07D0: 14 47 08 53 54 44 4E 08 A0 0B 5B 23 43 54 43 4D  .G.STDN...[#CTCM
    07E0: 64 00 A4 00 A0 12 93 43 54 43 4E 43 54 43 43 5B  d......CTCNCTCC[
    07F0: 27 43 54 43 4D A4 00 70 0D 53 65 74 20 54 44 50  'CTCM..p.Set TDP
    0800: 20 4E 6F 6D 69 6E 61 6C 00 5B 31 70 43 54 44 4E   Nominal.[1pCTDN
    0810: 50 4C 31 56 78 77 43 54 44 4E 0A 7D 00 0A 64 00  PL1VxwCTDN.}..d.
    0820: 50 4C 32 56 70 50 53 53 53 54 41 52 4E 50 50 43  PL2VpPSSSTARNPPC
    0830: 4D 50 50 43 4E 70 54 41 52 4E 54 41 52 53 70 43  MPPCNpTARNTARSpC
    0840: 54 43 4E 43 54 43 53 70 43 54 43 4E 43 54 43 43  TCNCTCSpCTCNCTCC
    0850: 5B 27 43 54 43 4D A4 01 08 4D 43 52 53 11 41 22  ['CTCM...MCRS.A"
    0860: 0B 1C 02 88 0D 00 02 0C 00 00 00 00 00 FF 00 00  ................
    0870: 00 00 01 87 17 00 01 0C 03 00 00 00 00 00 00 00  ................
    0880: 00 F7 0C 00 00 00 00 00 00 F8 0C 00 00 47 01 F8  .............G..
    0890: 0C F8 0C 01 08 87 17 00 01 0C 03 00 00 00 00 00  ................
    08A0: 0D 00 00 FF FF 00 00 00 00 00 00 00 F3 00 00 87  ................
    08B0: 17 00 00 0C 03 00 00 00 00 00 00 0A 00 FF FF 0B  ................
    08C0: 00 00 00 00 00 00 00 02 00 87 17 00 00 0C 03 00  ................
    08D0: 00 00 00 00 00 0C 00 FF 3F 0C 00 00 00 00 00 00  ........?.......
    08E0: 40 00 00 87 17 00 00 0C 03 00 00 00 00 00 40 0C  @.............@.
    08F0: 00 FF 7F 0C 00 00 00 00 00 00 40 00 00 87 17 00  ..........@.....
    0900: 00 0C 03 00 00 00 00 00 80 0C 00 FF BF 0C 00 00  ................
    0910: 00 00 00 00 40 00 00 87 17 00 00 0C 03 00 00 00  ....@...........
    0920: 00 00 C0 0C 00 FF FF 0C 00 00 00 00 00 00 40 00  ..............@.
    0930: 00 87 17 00 00 0C 03 00 00 00 00 00 00 0D 00 FF  ................
    0940: 3F 0D 00 00 00 00 00 00 40 00 00 87 17 00 00 0C  ?.......@.......
    0950: 03 00 00 00 00 00 40 0D 00 FF 7F 0D 00 00 00 00  ......@.........
    0960: 00 00 40 00 00 87 17 00 00 0C 03 00 00 00 00 00  ..@.............
    0970: 80 0D 00 FF BF 0D 00 00 00 00 00 00 40 00 00 87  ............@...
    0980: 17 00 00 0C 03 00 00 00 00 00 C0 0D 00 FF FF 0D  ................
    0990: 00 00 00 00 00 00 40 00 00 87 17 00 00 0C 03 00  ......@.........
    09A0: 00 00 00 00 00 0E 00 FF 3F 0E 00 00 00 00 00 00  ........?.......
    09B0: 40 00 00 87 17 00 00 0C 03 00 00 00 00 00 40 0E  @.............@.
    09C0: 00 FF 7F 0E 00 00 00 00 00 00 40 00 00 87 17 00  ..........@.....
    09D0: 00 0C 03 00 00 00 00 00 80 0E 00 FF BF 0E 00 00  ................
    09E0: 00 00 00 00 40 00 00 87 17 00 00 0C 03 00 00 00  ....@...........
    09F0: 00 00 C0 0E 00 FF FF 0E 00 00 00 00 00 00 40 00  ..............@.
    0A00: 00 87 17 00 00 0C 03 00 00 00 00 00 00 0F 00 FF  ................
    0A10: FF 0F 00 00 00 00 00 00 00 01 00 87 17 00 00 0C  ................
    0A20: 03 00 00 00 00 00 00 00 00 00 00 00 00 00 00 00  ................
    0A30: 00 00 00 00 00 8A 2B 00 00 0C 03 00 00 00 00 00  ......+.........
    0A40: 00 00 00 00 00 00 00 00 00 00 00 00 00 00 00 00  ................
    0A50: 00 00 00 00 00 00 00 00 00 00 00 00 00 00 00 00  ................
    0A60: 00 00 00 87 17 00 00 0C 03 00 00 00 00 00 00 D4  ................
    0A70: FE FF 4F D4 FE 00 00 00 00 00 50 00 00 79 00 14  ..O.......P..y..
    0A80: 47 0D 5F 43 52 53 08 8A 4D 43 52 53 0B C2 01 50  G._CRS..MCRS...P
    0A90: 4D 49 4E 8A 4D 43 52 53 0B C6 01 50 4D 41 58 8A  MIN.MCRS...PMAX.
    0AA0: 4D 43 52 53 0B CE 01 50 4C 45 4E 7B 5E 2E 4D 43  MCRS...PLEN{^.MC
    0AB0: 48 43 54 4C 55 44 0C 00 00 F0 FF 60 70 5E 2E 4D  HCTLUD.....`p^.M
    0AC0: 43 48 43 4D 45 42 41 61 A0 19 93 60 61 7B 5E 2E  CHCMEBAa...`a{^.
    0AD0: 4D 43 48 43 54 4F 4D 5F 0E 00 00 F0 FF 7F 00 00  MCHCTOM_........
    0AE0: 00 60 70 60 50 4D 49 4E 70 0C FF FF FF EF 50 4D  .`p`PMINp.....PM
    0AF0: 41 58 72 74 50 4D 41 58 50 4D 49 4E 00 01 50 4C  AXrtPMAXPMIN..PL
    0B00: 45 4E A0 4F 04 92 93 41 34 47 53 00 8F 4D 43 52  EN.O...A4GS..MCR
    0B10: 53 0B E0 01 4D 4D 49 4E 8F 4D 43 52 53 0B E8 01  S...MMIN.MCRS...
    0B20: 4D 4D 41 58 8F 4D 43 52 53 0B F8 01 4D 4C 45 4E  MMAX.MCRS...MLEN
    0B30: 70 41 34 47 53 4D 4C 45 4E 70 41 34 47 42 4D 4D  pA4GSMLENpA4GBMM
    0B40: 49 4E 74 72 4D 4D 49 4E 4D 4C 45 4E 00 01 4D 4D  INtrMMINMLEN..MM
    0B50: 41 58 A4 4D 43 52 53 5B 82 48 04 50 45 47 50 08  AX.MCRS[.H.PEGP.
    0B60: 5F 41 44 52 0C 00 00 01 00 14 1D 5F 53 54 41 00  _ADR......._STA.
    0B70: A4 77 7B 7A 5E 5E 2E 4D 43 48 43 44 56 45 4E 0A  .w{z^^.MCHCDVEN.
    0B80: 03 00 01 00 0A 0F 00 5B 82 0B 44 45 56 30 08 5F  .......[..DEV0._
    0B90: 41 44 52 00 14 0C 5F 50 52 54 00 A4 49 52 51 4D  ADR..._PRT..IRQM
    0BA0: 01 5B 82 49 04 50 45 47 31 08 5F 41 44 52 0C 01  .[.I.PEG1._ADR..
    0BB0: 00 01 00 14 1D 5F 53 54 41 00 A4 77 7B 7A 5E 5E  ....._STA..w{z^^
    0BC0: 2E 4D 43 48 43 44 56 45 4E 0A 02 00 01 00 0A 0F  .MCHCDVEN.......
    0BD0: 00 5B 82 0B 44 45 56 30 08 5F 41 44 52 00 14 0D  .[..DEV0._ADR...
    0BE0: 5F 50 52 54 00 A4 49 52 51 4D 0A 02 5B 82 48 04  _PRT..IRQM..[.H.
    0BF0: 50 45 47 32 08 5F 41 44 52 0C 02 00 01 00 14 1C  PEG2._ADR.......
    0C00: 5F 53 54 41 00 A4 77 7B 7A 5E 5E 2E 4D 43 48 43  _STA..w{z^^.MCHC
    0C10: 44 56 45 4E 01 00 01 00 0A 0F 00 5B 82 0B 44 45  DVEN.......[..DE
    0C20: 56 30 08 5F 41 44 52 00 14 0D 5F 50 52 54 00 A4  V0._ADR..._PRT..
    0C30: 49 52 51 4D 0A 03 5B 82 49 04 50 45 47 36 08 5F  IRQM..[.I.PEG6._
    0C40: 41 44 52 0C 00 00 06 00 14 1D 5F 53 54 41 00 A4  ADR......._STA..
    0C50: 77 7B 7A 5E 5E 2E 4D 43 48 43 44 56 45 4E 0A 0D  w{z^^.MCHCDVEN..
    0C60: 00 01 00 0A 0F 00 5B 82 0B 44 45 56 30 08 5F 41  ......[..DEV0._A
    0C70: 44 52 00 14 0D 5F 50 52 54 00 A4 49 52 51 4D 0A  DR..._PRT..IRQM.
    0C80: 04 5B 82 42 0F 50 44 52 43 08 5F 48 49 44 0C 41  .[.B.PDRC._HID.A
    0C90: D0 0C 02 08 5F 55 49 44 01 08 50 44 52 53 11 42  ...._UID..PDRS.B
    0CA0: 07 0A 6E 86 09 00 01 00 C0 D1 FE 00 40 00 00 86  ..n.........@...
    0CB0: 09 00 01 00 00 00 00 00 80 00 00 86 09 00 01 00  ................
    0CC0: 00 00 00 00 10 00 00 86 09 00 01 00 00 00 00 00  ................
    0CD0: 10 00 00 86 09 00 01 00 00 D2 FE 00 00 02 00 86  ................
    0CE0: 09 00 01 00 00 D4 FE 00 50 00 00 86 09 00 01 00  ........P.......
    0CF0: 50 D4 FE 00 B0 04 00 86 09 00 01 00 00 00 20 00  P............. .
    0D00: 00 20 00 86 09 00 01 00 00 00 40 00 00 20 00 79  . ........@.. .y
    0D10: 00 14 43 06 5F 43 52 53 08 8A 50 44 52 53 0A 10  ..C._CRS..PDRS..
    0D20: 4D 42 52 30 79 5E 5E 2E 4D 43 48 43 4D 48 42 52  MBR0y^^.MCHCMHBR
    0D30: 0A 0F 4D 42 52 30 8A 50 44 52 53 0A 1C 44 42 52  ..MBR0.PDRS..DBR
    0D40: 30 79 5E 5E 2E 4D 43 48 43 44 4D 42 52 0A 0C 44  0y^^.MCHCDMBR..D
    0D50: 42 52 30 8A 50 44 52 53 0A 28 45 42 52 30 79 5E  BR0.PDRS.(EBR0y^
    0D60: 5E 2E 4D 43 48 43 45 50 42 52 0A 0C 45 42 52 30  ^.MCHCEPBR..EBR0
    0D70: A4 50 44 52 53 5B 82 0F 47 46 58 30 08 5F 41 44  .PDRS[..GFX0._AD
    0D80: 52 0C 00 00 02 00 10 49 3A 5C 00 5B 80 50 4D 49  R......I:\.[.PMI
    0D90: 4F 01 0B 00 05 0A 80 5B 81 4A 0B 50 4D 49 4F 01  O......[.J.PMIO.
    0DA0: 00 40 10 00 10 47 53 30 30 01 47 53 30 31 01 47  .@...GS00.GS01.G
    0DB0: 53 30 32 01 47 53 30 33 01 47 53 30 34 01 47 53  S02.GS03.GS04.GS
    0DC0: 30 35 01 47 53 30 36 01 47 53 30 37 01 47 53 30  05.GS06.GS07.GS0
    0DD0: 38 01 47 53 30 39 01 47 53 31 30 01 47 53 31 31  8.GS09.GS10.GS11
    0DE0: 01 47 53 31 32 01 47 53 31 33 01 47 53 31 34 01  .GS12.GS13.GS14.
    0DF0: 47 53 31 35 01 00 20 00 10 47 45 30 30 01 47 45  GS15.. ..GE00.GE
    0E00: 30 31 01 47 45 30 32 01 47 45 30 33 01 47 45 30  01.GE02.GE03.GE0
    0E10: 34 01 47 45 30 35 01 47 45 30 36 01 47 45 30 37  4.GE05.GE06.GE07
    0E20: 01 47 45 30 38 01 47 45 30 39 01 47 45 31 30 01  .GE08.GE09.GE10.
    0E30: 47 45 31 31 01 47 45 31 32 01 47 45 31 33 01 47  GE11.GE12.GE13.G
    0E40: 45 31 34 01 47 45 31 35 01 00 40 0B 00 01 47 50  E14.GE15..@...GP
    0E50: 45 43 01 5B 80 47 50 49 4F 01 0B 80 04 0A 6C 5B  EC.[.GPIO.....l[
    0E60: 81 45 22 47 50 49 4F 01 47 55 30 30 08 47 55 30  .E"GPIO.GU00.GU0
    0E70: 31 08 47 55 30 32 08 47 55 30 33 08 00 00 47 49  1.GU02.GU03...GI
    0E80: 4F 30 08 47 49 4F 31 08 47 49 4F 32 08 47 49 4F  O0.GIO1.GIO2.GIO
    0E90: 33 08 00 20 47 50 30 30 01 47 50 30 31 01 47 50  3.. GP00.GP01.GP
    0EA0: 30 32 01 47 50 30 33 01 47 50 30 34 01 47 50 30  02.GP03.GP04.GP0
    0EB0: 35 01 47 50 30 36 01 47 50 30 37 01 47 50 30 38  5.GP06.GP07.GP08
    0EC0: 01 47 50 30 39 01 47 50 31 30 01 47 50 31 31 01  .GP09.GP10.GP11.
    0ED0: 47 50 31 32 01 47 50 31 33 01 47 50 31 34 01 47  GP12.GP13.GP14.G
    0EE0: 50 31 35 01 47 50 31 36 01 47 50 31 37 01 47 50  P15.GP16.GP17.GP
    0EF0: 31 38 01 47 50 31 39 01 47 50 32 30 01 47 50 32  18.GP19.GP20.GP2
    0F00: 31 01 47 50 32 32 01 47 50 32 33 01 47 50 32 34  1.GP22.GP23.GP24
    0F10: 01 47 50 32 35 01 47 50 32 36 01 47 50 32 37 01  .GP25.GP26.GP27.
    0F20: 47 50 32 38 01 47 50 32 39 01 47 50 33 30 01 47  GP28.GP29.GP30.G
    0F30: 50 33 31 01 00 40 04 47 42 30 30 08 47 42 30 31  P31..@.GB00.GB01
    0F40: 08 47 42 30 32 08 47 42 30 33 08 00 40 08 47 49  .GB02.GB03..@.GI
    0F50: 56 30 08 47 49 56 31 08 47 49 56 32 08 47 49 56  V0.GIV1.GIV2.GIV
    0F60: 33 08 00 00 47 55 30 34 08 47 55 30 35 08 47 55  3...GU04.GU05.GU
    0F70: 30 36 08 47 55 30 37 08 00 00 47 49 4F 34 08 47  06.GU07...GIO4.G
    0F80: 49 4F 35 08 47 49 4F 36 08 47 49 4F 37 08 00 00  IO5.GIO6.GIO7...
    0F90: 47 50 33 32 01 47 50 33 33 01 47 50 33 34 01 47  GP32.GP33.GP34.G
    0FA0: 50 33 35 01 47 50 33 36 01 47 50 33 37 01 47 50  P35.GP36.GP37.GP
    0FB0: 33 38 01 47 50 33 39 01 47 50 34 30 01 47 50 34  38.GP39.GP40.GP4
    0FC0: 31 01 47 50 34 32 01 47 50 34 33 01 47 50 34 34  1.GP42.GP43.GP44
    0FD0: 01 47 50 34 35 01 47 50 34 36 01 47 50 34 37 01  .GP45.GP46.GP47.
    0FE0: 47 50 34 38 01 47 50 34 39 01 47 50 35 30 01 47  GP48.GP49.GP50.G
    0FF0: 50 35 31 01 47 50 35 32 01 47 50 35 33 01 47 50  P51.GP52.GP53.GP
    1000: 35 34 01 47 50 35 35 01 47 50 35 36 01 47 50 35  54.GP55.GP56.GP5
    1010: 37 01 47 50 35 38 01 47 50 35 39 01 47 50 36 30  7.GP58.GP59.GP60
    1020: 01 47 50 36 31 01 47 50 36 32 01 47 50 36 33 01  .GP61.GP62.GP63.
    1030: 00 20 47 55 30 38 08 47 55 30 39 04 00 14 47 49  . GU08.GU09...GI
    1040: 4F 38 08 47 49 4F 39 04 00 14 47 50 36 34 01 47  O8.GIO9...GP64.G
    1050: 50 36 35 01 47 50 36 36 01 47 50 36 37 01 47 50  P65.GP66.GP67.GP
    1060: 36 38 01 47 50 36 39 01 47 50 37 30 01 47 50 37  68.GP69.GP70.GP7
    1070: 31 01 47 50 37 32 01 47 50 37 33 01 47 50 37 34  1.GP72.GP73.GP74
    1080: 01 47 50 37 35 01 5B 80 52 43 52 42 00 0C 00 C0  .GP75.[.RCRB....
    1090: D1 FE 0B 00 40 5B 81 49 09 52 43 52 42 13 00 00  ....@[.I.RCRB...
    10A0: 00 80 00 08 00 80 00 10 00 80 02 02 48 50 41 53  ............HPAS
    10B0: 02 00 05 48 50 54 45 01 00 48 09 00 01 50 43 49  ...HPTE..H...PCI
    10C0: 44 01 53 41 31 44 01 53 4D 42 44 01 48 44 41 44  D.SA1D.SMBD.HDAD
    10D0: 01 00 08 45 48 32 44 01 4C 50 42 44 01 45 48 31  ...EH2D.LPBD.EH1
    10E0: 44 01 52 50 31 44 01 52 50 32 44 01 52 50 33 44  D.RP1D.RP2D.RP3D
    10F0: 01 52 50 34 44 01 52 50 35 44 01 52 50 36 44 01  .RP4D.RP5D.RP6D.
    1100: 52 50 37 44 01 52 50 38 44 01 54 54 52 44 01 53  RP7D.RP8D.TTRD.S
    1110: 41 32 44 01 00 46 06 42 44 46 44 01 4D 45 31 44  A2D..F.BDFD.ME1D
    1120: 01 4D 45 32 44 01 49 44 52 44 01 4B 54 43 54 01  .ME2D.IDRD.KTCT.
    1130: 5B 82 1B 48 44 45 46 08 5F 41 44 52 0C 00 00 1B  [..HDEF._ADR....
    1140: 00 08 5F 50 52 57 12 06 02 0A 0D 0A 04 08 49 51  .._PRW........IQ
    1150: 41 41 12 2C 04 12 09 04 0B FF FF 00 00 0A 10 12  AA.,............
    1160: 09 04 0B FF FF 01 00 0A 11 12 0A 04 0B FF FF 0A  ................
    1170: 02 00 0A 12 12 0A 04 0B FF FF 0A 03 00 0A 13 08  ................
    1180: 49 51 41 50 12 49 04 04 12 10 04 0B FF FF 00 2E  IQAP.I..........
    1190: 4C 50 43 42 4C 4E 4B 41 00 12 10 04 0B FF FF 01  LPCBLNKA........
    11A0: 2E 4C 50 43 42 4C 4E 4B 42 00 12 11 04 0B FF FF  .LPCBLNKB.......
    11B0: 0A 02 2E 4C 50 43 42 4C 4E 4B 43 00 12 11 04 0B  ...LPCBLNKC.....
    11C0: FF FF 0A 03 2E 4C 50 43 42 4C 4E 4B 44 00 08 49  .....LPCBLNKD..I
    11D0: 51 42 41 12 2C 04 12 09 04 0B FF FF 00 00 0A 11  QBA.,...........
    11E0: 12 09 04 0B FF FF 01 00 0A 12 12 0A 04 0B FF FF  ................
    11F0: 0A 02 00 0A 13 12 0A 04 0B FF FF 0A 03 00 0A 10  ................
    1200: 08 49 51 42 50 12 49 04 04 12 10 04 0B FF FF 00  .IQBP.I.........
    1210: 2E 4C 50 43 42 4C 4E 4B 42 00 12 10 04 0B FF FF  .LPCBLNKB.......
    1220: 01 2E 4C 50 43 42 4C 4E 4B 43 00 12 11 04 0B FF  ..LPCBLNKC......
    1230: FF 0A 02 2E 4C 50 43 42 4C 4E 4B 44 00 12 11 04  ....LPCBLNKD....
    1240: 0B FF FF 0A 03 2E 4C 50 43 42 4C 4E 4B 41 00 08  ......LPCBLNKA..
    1250: 49 51 43 41 12 2C 04 12 09 04 0B FF FF 00 00 0A  IQCA.,..........
    1260: 12 12 09 04 0B FF FF 01 00 0A 13 12 0A 04 0B FF  ................
    1270: FF 0A 02 00 0A 10 12 0A 04 0B FF FF 0A 03 00 0A  ................
    1280: 11 08 49 51 43 50 12 49 04 04 12 10 04 0B FF FF  ..IQCP.I........
    1290: 00 2E 4C 50 43 42 4C 4E 4B 43 00 12 10 04 0B FF  ..LPCBLNKC......
    12A0: FF 01 2E 4C 50 43 42 4C 4E 4B 44 00 12 11 04 0B  ...LPCBLNKD.....
    12B0: FF FF 0A 02 2E 4C 50 43 42 4C 4E 4B 41 00 12 11  .....LPCBLNKA...
    12C0: 04 0B FF FF 0A 03 2E 4C 50 43 42 4C 4E 4B 42 00  .......LPCBLNKB.
    12D0: 08 49 51 44 41 12 2C 04 12 09 04 0B FF FF 00 00  .IQDA.,.........
    12E0: 0A 13 12 09 04 0B FF FF 01 00 0A 10 12 0A 04 0B  ................
    12F0: FF FF 0A 02 00 0A 11 12 0A 04 0B FF FF 0A 03 00  ................
    1300: 0A 12 08 49 51 44 50 12 49 04 04 12 10 04 0B FF  ...IQDP.I.......
    1310: FF 00 2E 4C 50 43 42 4C 4E 4B 44 00 12 10 04 0B  ...LPCBLNKD.....
    1320: FF FF 01 2E 4C 50 43 42 4C 4E 4B 41 00 12 11 04  ....LPCBLNKA....
    1330: 0B FF FF 0A 02 2E 4C 50 43 42 4C 4E 4B 42 00 12  ......LPCBLNKB..
    1340: 11 04 0B FF FF 0A 03 2E 4C 50 43 42 4C 4E 4B 43  ........LPCBLNKC
    1350: 00 14 41 0D 49 52 51 4D 09 08 5F 54 5F 30 00 A2  ..A.IRQM.._T_0..
    1360: 43 0C 01 70 99 68 00 5F 54 5F 30 A0 25 92 93 89  C..p.h._T_0.%...
    1370: 12 05 02 01 0A 05 01 5F 54 5F 30 00 00 00 FF A0  ......._T_0.....
    1380: 0A 50 49 43 4D A4 49 51 41 41 A1 06 A4 49 51 41  .PICM.IQAA...IQA
    1390: 50 A1 40 09 A0 26 92 93 89 12 06 02 0A 02 0A 06  P.@..&..........
    13A0: 01 5F 54 5F 30 00 00 00 FF A0 0A 50 49 43 4D A4  ._T_0......PICM.
    13B0: 49 51 42 41 A1 06 A4 49 51 42 50 A1 46 06 A0 26  IQBA...IQBP.F..&
    13C0: 92 93 89 12 06 02 0A 03 0A 07 01 5F 54 5F 30 00  ..........._T_0.
    13D0: 00 00 FF A0 0A 50 49 43 4D A4 49 51 43 41 A1 06  .....PICM.IQCA..
    13E0: A4 49 51 43 50 A1 3C A0 26 92 93 89 12 06 02 0A  .IQCP.<.&.......
    13F0: 04 0A 08 01 5F 54 5F 30 00 00 00 FF A0 0A 50 49  ...._T_0......PI
    1400: 43 4D A4 49 51 44 41 A1 06 A4 49 51 44 50 A1 13  CM.IQDA...IQDP..
    1410: A0 0A 50 49 43 4D A4 49 51 44 41 A1 06 A4 49 51  ..PICM.IQDA...IQ
    1420: 44 50 A5 5B 82 40 05 52 50 30 31 08 5F 41 44 52  DP.[.@.RP01._ADR
    1430: 0C 00 00 1C 00 5B 80 52 50 43 53 02 00 0A FF 5B  .....[.RPCS....[
    1440: 81 24 52 50 43 53 00 00 40 26 00 18 52 50 50 4E  .$RPCS..@&..RPPN
    1450: 08 00 40 05 00 03 50 44 43 5F 01 00 44 42 00 06  ..@...PDC_..DB..
    1460: 48 50 43 53 01 14 0F 5F 50 52 54 00 A4 49 52 51  HPCS..._PRT..IRQ
    1470: 4D 52 50 50 4E 5B 82 40 05 52 50 30 32 08 5F 41  MRPPN[.@.RP02._A
    1480: 44 52 0C 01 00 1C 00 5B 80 52 50 43 53 02 00 0A  DR.....[.RPCS...
    1490: FF 5B 81 24 52 50 43 53 00 00 40 26 00 18 52 50  .[.$RPCS..@&..RP
    14A0: 50 4E 08 00 40 05 00 03 50 44 43 5F 01 00 44 42  PN..@...PDC_..DB
    14B0: 00 06 48 50 43 53 01 14 0F 5F 50 52 54 00 A4 49  ..HPCS..._PRT..I
    14C0: 52 51 4D 52 50 50 4E 5B 82 40 05 52 50 30 33 08  RQMRPPN[.@.RP03.
    14D0: 5F 41 44 52 0C 02 00 1C 00 5B 80 52 50 43 53 02  _ADR.....[.RPCS.
    14E0: 00 0A FF 5B 81 24 52 50 43 53 00 00 40 26 00 18  ...[.$RPCS..@&..
    14F0: 52 50 50 4E 08 00 40 05 00 03 50 44 43 5F 01 00  RPPN..@...PDC_..
    1500: 44 42 00 06 48 50 43 53 01 14 0F 5F 50 52 54 00  DB..HPCS..._PRT.
    1510: A4 49 52 51 4D 52 50 50 4E 5B 82 40 05 52 50 30  .IRQMRPPN[.@.RP0
    1520: 34 08 5F 41 44 52 0C 03 00 1C 00 5B 80 52 50 43  4._ADR.....[.RPC
    1530: 53 02 00 0A FF 5B 81 24 52 50 43 53 00 00 40 26  S....[.$RPCS..@&
    1540: 00 18 52 50 50 4E 08 00 40 05 00 03 50 44 43 5F  ..RPPN..@...PDC_
    1550: 01 00 44 42 00 06 48 50 43 53 01 14 0F 5F 50 52  ..DB..HPCS..._PR
    1560: 54 00 A4 49 52 51 4D 52 50 50 4E 5B 82 40 05 52  T..IRQMRPPN[.@.R
    1570: 50 30 35 08 5F 41 44 52 0C 04 00 1C 00 5B 80 52  P05._ADR.....[.R
    1580: 50 43 53 02 00 0A FF 5B 81 24 52 50 43 53 00 00  PCS....[.$RPCS..
    1590: 40 26 00 18 52 50 50 4E 08 00 40 05 00 03 50 44  @&..RPPN..@...PD
    15A0: 43 5F 01 00 44 42 00 06 48 50 43 53 01 14 0F 5F  C_..DB..HPCS..._
    15B0: 50 52 54 00 A4 49 52 51 4D 52 50 50 4E 5B 82 40  PRT..IRQMRPPN[.@
    15C0: 05 52 50 30 36 08 5F 41 44 52 0C 05 00 1C 00 5B  .RP06._ADR.....[
    15D0: 80 52 50 43 53 02 00 0A FF 5B 81 24 52 50 43 53  .RPCS....[.$RPCS
    15E0: 00 00 40 26 00 18 52 50 50 4E 08 00 40 05 00 03  ..@&..RPPN..@...
    15F0: 50 44 43 5F 01 00 44 42 00 06 48 50 43 53 01 14  PDC_..DB..HPCS..
    1600: 0F 5F 50 52 54 00 A4 49 52 51 4D 52 50 50 4E 5B  ._PRT..IRQMRPPN[
    1610: 82 40 05 52 50 30 37 08 5F 41 44 52 0C 06 00 1C  .@.RP07._ADR....
    1620: 00 5B 80 52 50 43 53 02 00 0A FF 5B 81 24 52 50  .[.RPCS....[.$RP
    1630: 43 53 00 00 40 26 00 18 52 50 50 4E 08 00 40 05  CS..@&..RPPN..@.
    1640: 00 03 50 44 43 5F 01 00 44 42 00 06 48 50 43 53  ..PDC_..DB..HPCS
    1650: 01 14 0F 5F 50 52 54 00 A4 49 52 51 4D 52 50 50  ..._PRT..IRQMRPP
    1660: 4E 5B 82 40 05 52 50 30 38 08 5F 41 44 52 0C 07  N[.@.RP08._ADR..
    1670: 00 1C 00 5B 80 52 50 43 53 02 00 0A FF 5B 81 24  ...[.RPCS....[.$
    1680: 52 50 43 53 00 00 40 26 00 18 52 50 50 4E 08 00  RPCS..@&..RPPN..
    1690: 40 05 00 03 50 44 43 5F 01 00 44 42 00 06 48 50  @...PDC_..DB..HP
    16A0: 43 53 01 14 0F 5F 50 52 54 00 A4 49 52 51 4D 52  CS..._PRT..IRQMR
    16B0: 50 50 4E 5B 82 49 0D 45 48 43 31 08 5F 41 44 52  PPN[.I.EHC1._ADR
    16C0: 0C 00 00 1D 00 08 5F 50 52 57 12 06 02 0A 0D 0A  ......_PRW......
    16D0: 04 14 09 5F 53 33 44 00 A4 0A 02 14 09 5F 53 34  ..._S3D......_S4
    16E0: 44 00 A4 0A 02 5B 82 47 0A 48 55 42 37 08 5F 41  D....[.G.HUB7._A
    16F0: 44 52 00 14 47 04 47 50 4C 44 09 08 50 43 4B 47  DR..G.GPLD..PCKG
    1700: 12 06 01 11 03 0A 10 5B 13 83 88 50 43 4B 47 00  .......[...PCKG.
    1710: 00 00 0A 07 52 45 56 5F 70 0A 02 52 45 56 5F 5B  ....REV_p..REV_[
    1720: 13 83 88 50 43 4B 47 00 00 0A 40 01 56 49 53 49  ...PCKG...@.VISI
    1730: 70 68 56 49 53 49 A4 50 43 4B 47 5B 82 0B 50 52  phVISI.PCKG[..PR
    1740: 54 31 08 5F 41 44 52 01 5B 82 0C 50 52 54 32 08  T1._ADR.[..PRT2.
    1750: 5F 41 44 52 0A 02 5B 82 0C 50 52 54 33 08 5F 41  _ADR..[..PRT3._A
    1760: 44 52 0A 03 5B 82 0C 50 52 54 34 08 5F 41 44 52  DR..[..PRT4._ADR
    1770: 0A 04 5B 82 0C 50 52 54 35 08 5F 41 44 52 0A 05  ..[..PRT5._ADR..
    1780: 5B 82 0C 50 52 54 36 08 5F 41 44 52 0A 06 5B 82  [..PRT6._ADR..[.
    1790: 49 0D 45 48 43 32 08 5F 41 44 52 0C 00 00 1A 00  I.EHC2._ADR.....
    17A0: 08 5F 50 52 57 12 06 02 0A 0D 0A 04 14 09 5F 53  ._PRW........._S
    17B0: 33 44 00 A4 0A 02 14 09 5F 53 34 44 00 A4 0A 02  3D......_S4D....
    17C0: 5B 82 47 0A 48 55 42 37 08 5F 41 44 52 00 14 47  [.G.HUB7._ADR..G
    17D0: 04 47 50 4C 44 09 08 50 43 4B 47 12 06 01 11 03  .GPLD..PCKG.....
    17E0: 0A 10 5B 13 83 88 50 43 4B 47 00 00 00 0A 07 52  ..[...PCKG.....R
    17F0: 45 56 5F 70 0A 02 52 45 56 5F 5B 13 83 88 50 43  EV_p..REV_[...PC
    1800: 4B 47 00 00 0A 40 01 56 49 53 49 70 68 56 49 53  KG...@.VISIphVIS
    1810: 49 A4 50 43 4B 47 5B 82 0B 50 52 54 31 08 5F 41  I.PCKG[..PRT1._A
    1820: 44 52 01 5B 82 0C 50 52 54 32 08 5F 41 44 52 0A  DR.[..PRT2._ADR.
    1830: 02 5B 82 0C 50 52 54 33 08 5F 41 44 52 0A 03 5B  .[..PRT3._ADR..[
    1840: 82 0C 50 52 54 34 08 5F 41 44 52 0A 04 5B 82 0C  ..PRT4._ADR..[..
    1850: 50 52 54 35 08 5F 41 44 52 0A 05 5B 82 0C 50 52  PRT5._ADR..[..PR
    1860: 54 36 08 5F 41 44 52 0A 06 5B 82 46 13 58 48 43  T6._ADR..[.F.XHC
    1870: 5F 08 5F 41 44 52 0C 00 00 14 00 5B 80 58 44 45  _._ADR.....[.XDE
    1880: 56 02 00 0B 00 01 5B 81 22 58 44 45 56 03 00 40  V.....[."XDEV..@
    1890: 68 58 32 50 52 20 50 52 4D 32 20 53 53 45 4E 20  hX2PR PRM2 SSEN 
    18A0: 52 50 4D 33 20 58 50 52 54 20 08 5F 50 52 57 12  RPM3 XPRT ._PRW.
    18B0: 06 02 0A 0D 0A 04 14 46 0D 50 4F 53 43 0A 8A 69  .......F.POSC..i
    18C0: 00 43 44 57 31 A0 10 92 93 68 01 7D 43 44 57 31  .CDW1....h.}CDW1
    18D0: 0A 08 43 44 57 31 A0 12 93 58 48 43 49 00 7D 43  ..CDW1...XHCI.}C
    18E0: 44 57 31 0A 02 43 44 57 31 A0 41 0A 90 92 7B 43  DW1..CDW1.A...{C
    18F0: 44 57 31 01 00 91 93 58 48 43 49 0A 02 93 58 48  DW1....XHCI...XH
    1900: 43 49 0A 03 70 0D 58 48 43 49 20 53 77 69 74 63  CI..p.XHCI Switc
    1910: 68 00 5B 31 70 00 60 7B 58 50 52 54 0A 03 60 A0  h.[1p.`{XPRT..`.
    1920: 0C 91 93 60 00 93 60 01 70 0A 0F 61 A1 16 A0 09  ...`..`.p..a....
    1930: 93 60 0A 02 70 0A 03 61 A1 0A A0 08 93 60 0A 03  .`..p..a.....`..
    1940: 70 00 61 7B 52 50 4D 33 0C F0 FF FF FF 60 7D 60  p.a{RPM3.....`}`
    1950: 61 52 50 4D 33 7B 50 52 4D 32 0C F0 FF FF FF 60  aRPM3{PRM2.....`
    1960: 7D 60 61 50 52 4D 32 7B 53 53 45 4E 0C F0 FF FF  }`aPRM2{SSEN....
    1970: FF 60 7D 60 61 53 53 45 4E 7B 58 32 50 52 0C F0  .`}`aSSEN{X2PR..
    1980: FF FF FF 60 7D 60 61 58 32 50 52 A4 69 14 09 5F  ...`}`aX2PR.i.._
    1990: 53 33 44 00 A4 0A 02 14 09 5F 53 34 44 00 A4 0A  S3D......_S4D...
    19A0: 02 5B 82 47 87 4C 50 43 42 08 5F 41 44 52 0C 00  .[.G.LPCB._ADR..
    19B0: 00 1F 00 5B 80 4C 50 43 30 02 00 0B 00 01 5B 81  ...[.LPC0.....[.
    19C0: 4C 09 4C 50 43 30 00 00 40 20 50 4D 42 53 10 00  L.LPC0..@ PMBS..
    19D0: 40 0F 50 52 54 41 08 50 52 54 42 08 50 52 54 43  @.PRTA.PRTB.PRTC
    19E0: 08 50 52 54 44 08 00 20 50 52 54 45 08 50 52 54  .PRTD.. PRTE.PRT
    19F0: 46 08 50 52 54 47 08 50 52 54 48 08 00 40 0A 49  F.PRTG.PRTH..@.I
    1A00: 4F 44 30 08 49 4F 44 31 08 00 40 1B 47 52 30 30  OD0.IOD1..@.GR00
    1A10: 02 47 52 30 31 02 47 52 30 32 02 47 52 30 33 02  .GR01.GR02.GR03.
    1A20: 47 52 30 34 02 47 52 30 35 02 47 52 30 36 02 47  GR04.GR05.GR06.G
    1A30: 52 30 37 02 47 52 30 38 02 47 52 30 39 02 47 52  R07.GR08.GR09.GR
    1A40: 31 30 02 47 52 31 31 02 47 52 31 32 02 47 52 31  10.GR11.GR12.GR1
    1A50: 33 02 47 52 31 34 02 47 52 31 35 02 5B 82 41 0A  3.GR14.GR15.[.A.
    1A60: 4C 4E 4B 41 08 5F 48 49 44 0C 41 D0 0C 0F 08 5F  LNKA._HID.A...._
    1A70: 55 49 44 01 14 0D 5F 44 49 53 08 70 0A 80 50 52  UID..._DIS.p..PR
    1A80: 54 41 08 5F 50 52 53 11 09 0A 06 23 F8 DC 18 79  TA._PRS....#...y
    1A90: 00 14 38 5F 43 52 53 08 08 52 54 4C 41 11 09 0A  ..8_CRS..RTLA...
    1AA0: 06 23 00 00 18 79 00 8B 52 54 4C 41 01 49 52 51  .#...y..RTLA.IRQ
    1AB0: 30 70 00 49 52 51 30 79 01 7B 50 52 54 41 0A 0F  0p.IRQ0y.{PRTA..
    1AC0: 00 49 52 51 30 A4 52 54 4C 41 14 1B 5F 53 52 53  .IRQ0.RTLA.._SRS
    1AD0: 09 8B 68 01 49 52 51 30 82 49 52 51 30 60 76 60  ..h.IRQ0.IRQ0`v`
    1AE0: 70 60 50 52 54 41 14 18 5F 53 54 41 08 A0 0C 7B  p`PRTA.._STA...{
    1AF0: 50 52 54 41 0A 80 00 A4 0A 09 A1 04 A4 0A 0B 5B  PRTA...........[
    1B00: 82 42 0A 4C 4E 4B 42 08 5F 48 49 44 0C 41 D0 0C  .B.LNKB._HID.A..
    1B10: 0F 08 5F 55 49 44 0A 02 14 0D 5F 44 49 53 08 70  .._UID...._DIS.p
    1B20: 0A 80 50 52 54 42 08 5F 50 52 53 11 09 0A 06 23  ..PRTB._PRS....#
    1B30: F8 DC 18 79 00 14 38 5F 43 52 53 08 08 52 54 4C  ...y..8_CRS..RTL
    1B40: 42 11 09 0A 06 23 00 00 18 79 00 8B 52 54 4C 42  B....#...y..RTLB
    1B50: 01 49 52 51 30 70 00 49 52 51 30 79 01 7B 50 52  .IRQ0p.IRQ0y.{PR
    1B60: 54 42 0A 0F 00 49 52 51 30 A4 52 54 4C 42 14 1B  TB...IRQ0.RTLB..
    1B70: 5F 53 52 53 09 8B 68 01 49 52 51 30 82 49 52 51  _SRS..h.IRQ0.IRQ
    1B80: 30 60 76 60 70 60 50 52 54 42 14 18 5F 53 54 41  0`v`p`PRTB.._STA
    1B90: 08 A0 0C 7B 50 52 54 42 0A 80 00 A4 0A 09 A1 04  ...{PRTB........
    1BA0: A4 0A 0B 5B 82 42 0A 4C 4E 4B 43 08 5F 48 49 44  ...[.B.LNKC._HID
    1BB0: 0C 41 D0 0C 0F 08 5F 55 49 44 0A 03 14 0D 5F 44  .A...._UID...._D
    1BC0: 49 53 08 70 0A 80 50 52 54 43 08 5F 50 52 53 11  IS.p..PRTC._PRS.
    1BD0: 09 0A 06 23 F8 DC 18 79 00 14 38 5F 43 52 53 08  ...#...y..8_CRS.
    1BE0: 08 52 54 4C 43 11 09 0A 06 23 00 00 18 79 00 8B  .RTLC....#...y..
    1BF0: 52 54 4C 43 01 49 52 51 30 70 00 49 52 51 30 79  RTLC.IRQ0p.IRQ0y
    1C00: 01 7B 50 52 54 43 0A 0F 00 49 52 51 30 A4 52 54  .{PRTC...IRQ0.RT
    1C10: 4C 43 14 1B 5F 53 52 53 09 8B 68 01 49 52 51 30  LC.._SRS..h.IRQ0
    1C20: 82 49 52 51 30 60 76 60 70 60 50 52 54 43 14 18  .IRQ0`v`p`PRTC..
    1C30: 5F 53 54 41 08 A0 0C 7B 50 52 54 43 0A 80 00 A4  _STA...{PRTC....
    1C40: 0A 09 A1 04 A4 0A 0B 5B 82 42 0A 4C 4E 4B 44 08  .......[.B.LNKD.
    1C50: 5F 48 49 44 0C 41 D0 0C 0F 08 5F 55 49 44 0A 04  _HID.A...._UID..
    1C60: 14 0D 5F 44 49 53 08 70 0A 80 50 52 54 44 08 5F  .._DIS.p..PRTD._
    1C70: 50 52 53 11 09 0A 06 23 F8 DC 18 79 00 14 38 5F  PRS....#...y..8_
    1C80: 43 52 53 08 08 52 54 4C 44 11 09 0A 06 23 00 00  CRS..RTLD....#..
    1C90: 18 79 00 8B 52 54 4C 44 01 49 52 51 30 70 00 49  .y..RTLD.IRQ0p.I
    1CA0: 52 51 30 79 01 7B 50 52 54 44 0A 0F 00 49 52 51  RQ0y.{PRTD...IRQ
    1CB0: 30 A4 52 54 4C 44 14 1B 5F 53 52 53 09 8B 68 01  0.RTLD.._SRS..h.
    1CC0: 49 52 51 30 82 49 52 51 30 60 76 60 70 60 50 52  IRQ0.IRQ0`v`p`PR
    1CD0: 54 44 14 18 5F 53 54 41 08 A0 0C 7B 50 52 54 44  TD.._STA...{PRTD
    1CE0: 0A 80 00 A4 0A 09 A1 04 A4 0A 0B 5B 82 42 0A 4C  ...........[.B.L
    1CF0: 4E 4B 45 08 5F 48 49 44 0C 41 D0 0C 0F 08 5F 55  NKE._HID.A...._U
    1D00: 49 44 0A 05 14 0D 5F 44 49 53 08 70 0A 80 50 52  ID...._DIS.p..PR
    1D10: 54 45 08 5F 50 52 53 11 09 0A 06 23 F8 DC 18 79  TE._PRS....#...y
    1D20: 00 14 38 5F 43 52 53 08 08 52 54 4C 45 11 09 0A  ..8_CRS..RTLE...
    1D30: 06 23 00 00 18 79 00 8B 52 54 4C 45 01 49 52 51  .#...y..RTLE.IRQ
    1D40: 30 70 00 49 52 51 30 79 01 7B 50 52 54 45 0A 0F  0p.IRQ0y.{PRTE..
    1D50: 00 49 52 51 30 A4 52 54 4C 45 14 1B 5F 53 52 53  .IRQ0.RTLE.._SRS
    1D60: 09 8B 68 01 49 52 51 30 82 49 52 51 30 60 76 60  ..h.IRQ0.IRQ0`v`
    1D70: 70 60 50 52 54 45 14 18 5F 53 54 41 08 A0 0C 7B  p`PRTE.._STA...{
    1D80: 50 52 54 45 0A 80 00 A4 0A 09 A1 04 A4 0A 0B 5B  PRTE...........[
    1D90: 82 42 0A 4C 4E 4B 46 08 5F 48 49 44 0C 41 D0 0C  .B.LNKF._HID.A..
    1DA0: 0F 08 5F 55 49 44 0A 06 14 0D 5F 44 49 53 08 70  .._UID...._DIS.p
    1DB0: 0A 80 50 52 54 46 08 5F 50 52 53 11 09 0A 06 23  ..PRTF._PRS....#
    1DC0: F8 DC 18 79 00 14 38 5F 43 52 53 08 08 52 54 4C  ...y..8_CRS..RTL
    1DD0: 46 11 09 0A 06 23 00 00 18 79 00 8B 52 54 4C 46  F....#...y..RTLF
    1DE0: 01 49 52 51 30 70 00 49 52 51 30 79 01 7B 50 52  .IRQ0p.IRQ0y.{PR
    1DF0: 54 46 0A 0F 00 49 52 51 30 A4 52 54 4C 46 14 1B  TF...IRQ0.RTLF..
    1E00: 5F 53 52 53 09 8B 68 01 49 52 51 30 82 49 52 51  _SRS..h.IRQ0.IRQ
    1E10: 30 60 76 60 70 60 50 52 54 46 14 18 5F 53 54 41  0`v`p`PRTF.._STA
    1E20: 08 A0 0C 7B 50 52 54 46 0A 80 00 A4 0A 09 A1 04  ...{PRTF........
    1E30: A4 0A 0B 5B 82 42 0A 4C 4E 4B 47 08 5F 48 49 44  ...[.B.LNKG._HID
    1E40: 0C 41 D0 0C 0F 08 5F 55 49 44 0A 07 14 0D 5F 44  .A...._UID...._D
    1E50: 49 53 08 70 0A 80 50 52 54 47 08 5F 50 52 53 11  IS.p..PRTG._PRS.
    1E60: 09 0A 06 23 F8 DC 18 79 00 14 38 5F 43 52 53 08  ...#...y..8_CRS.
    1E70: 08 52 54 4C 47 11 09 0A 06 23 00 00 18 79 00 8B  .RTLG....#...y..
    1E80: 52 54 4C 47 01 49 52 51 30 70 00 49 52 51 30 79  RTLG.IRQ0p.IRQ0y
    1E90: 01 7B 50 52 54 47 0A 0F 00 49 52 51 30 A4 52 54  .{PRTG...IRQ0.RT
    1EA0: 4C 47 14 1B 5F 53 52 53 09 8B 68 01 49 52 51 30  LG.._SRS..h.IRQ0
    1EB0: 82 49 52 51 30 60 76 60 70 60 50 52 54 47 14 18  .IRQ0`v`p`PRTG..
    1EC0: 5F 53 54 41 08 A0 0C 7B 50 52 54 47 0A 80 00 A4  _STA...{PRTG....
    1ED0: 0A 09 A1 04 A4 0A 0B 5B 82 42 0A 4C 4E 4B 48 08  .......[.B.LNKH.
    1EE0: 5F 48 49 44 0C 41 D0 0C 0F 08 5F 55 49 44 0A 08  _HID.A...._UID..
    1EF0: 14 0D 5F 44 49 53 08 70 0A 80 50 52 54 48 08 5F  .._DIS.p..PRTH._
    1F00: 50 52 53 11 09 0A 06 23 F8 DC 18 79 00 14 38 5F  PRS....#...y..8_
    1F10: 43 52 53 08 08 52 54 4C 48 11 09 0A 06 23 00 00  CRS..RTLH....#..
    1F20: 18 79 00 8B 52 54 4C 48 01 49 52 51 30 70 00 49  .y..RTLH.IRQ0p.I
    1F30: 52 51 30 79 01 7B 50 52 54 48 0A 0F 00 49 52 51  RQ0y.{PRTH...IRQ
    1F40: 30 A4 52 54 4C 48 14 1B 5F 53 52 53 09 8B 68 01  0.RTLH.._SRS..h.
    1F50: 49 52 51 30 82 49 52 51 30 60 76 60 70 60 50 52  IRQ0.IRQ0`v`p`PR
    1F60: 54 48 14 18 5F 53 54 41 08 A0 0C 7B 50 52 54 48  TH.._STA...{PRTH
    1F70: 0A 80 00 A4 0A 09 A1 04 A4 0A 0B 5B 82 3D 44 4D  ...........[.=DM
    1F80: 41 43 08 5F 48 49 44 0C 41 D0 02 00 08 5F 43 52  AC._HID.A...._CR
    1F90: 53 11 28 0A 25 47 01 00 00 00 00 01 20 47 01 81  S.(.%G...... G..
    1FA0: 00 81 00 01 11 47 01 93 00 93 00 01 0D 47 01 C0  .....G.......G..
    1FB0: 00 C0 00 01 20 2A 10 01 79 00 5B 82 26 46 57 48  .... *..y.[.&FWH
    1FC0: 5F 08 5F 48 49 44 0C 25 D4 08 00 08 5F 43 52 53  _._HID.%...._CRS
    1FD0: 11 11 0A 0E 86 09 00 00 00 00 00 FF 00 00 00 01  ................
    1FE0: 79 00 5B 82 48 09 48 50 45 54 08 5F 48 49 44 0C  y.[.H.HPET._HID.
    1FF0: 41 D0 01 03 08 5F 43 49 44 0C 41 D0 0C 01 08 42  A...._CID.A....B
    2000: 55 46 30 11 11 0A 0E 86 09 00 00 00 00 D0 FE 00  UF0.............
    2010: 04 00 00 79 00 14 0F 5F 53 54 41 00 A4 48 50 54  ...y..._STA..HPT
    2020: 53 48 50 54 45 14 46 05 5F 43 52 53 08 A0 49 04  SHPTE.F._CRS..I.
    2030: 48 50 54 45 8A 42 55 46 30 0A 04 48 50 54 30 A0  HPTE.BUF0..HPT0.
    2040: 11 93 48 50 41 53 01 70 0C 00 10 D0 FE 48 50 54  ..HPAS.p.....HPT
    2050: 30 A0 12 93 48 50 41 53 0A 02 70 0C 00 20 D0 FE  0...HPAS..p.. ..
    2060: 48 50 54 30 A0 12 93 48 50 41 53 0A 03 70 0C 00  HPT0...HPAS..p..
    2070: 30 D0 FE 48 50 54 30 A4 42 55 46 30 5B 82 45 0A  0..HPT0.BUF0[.E.
    2080: 50 49 43 5F 08 5F 48 49 44 0B 41 D0 08 5F 43 52  PIC_._HID.A.._CR
    2090: 53 11 41 09 0A 8D 47 01 20 00 20 00 01 02 47 01  S.A...G. . ...G.
    20A0: 24 00 24 00 01 02 47 01 28 00 28 00 01 02 47 01  $.$...G.(.(...G.
    20B0: 2C 00 2C 00 01 02 47 01 30 00 30 00 01 02 47 01  ,.,...G.0.0...G.
    20C0: 34 00 34 00 01 02 47 01 38 00 38 00 01 02 47 01  4.4...G.8.8...G.
    20D0: 3C 00 3C 00 01 02 47 01 A0 00 A0 00 01 02 47 01  <.<...G.......G.
    20E0: A4 00 A4 00 01 02 47 01 A8 00 A8 00 01 02 47 01  ......G.......G.
    20F0: AC 00 AC 00 01 02 47 01 B0 00 B0 00 01 02 47 01  ......G.......G.
    2100: B4 00 B4 00 01 02 47 01 B8 00 B8 00 01 02 47 01  ......G.......G.
    2110: BC 00 BC 00 01 02 47 01 D0 04 D0 04 01 02 22 04  ......G.......".
    2120: 00 79 00 5B 82 25 4D 41 54 48 08 5F 48 49 44 0C  .y.[.%MATH._HID.
    2130: 41 D0 0C 04 08 5F 43 52 53 11 10 0A 0D 47 01 F0  A...._CRS....G..
    2140: 00 F0 00 01 01 22 00 20 79 00 5B 82 4B 07 4C 44  .....". y.[.K.LD
    2150: 52 43 08 5F 48 49 44 0C 41 D0 0C 02 08 5F 55 49  RC._HID.A...._UI
    2160: 44 0A 02 08 5F 43 52 53 11 4E 05 0A 5A 47 01 2E  D..._CRS.N..ZG..
    2170: 00 2E 00 01 02 47 01 4E 00 4E 00 01 02 47 01 61  .....G.N.N...G.a
    2180: 00 61 00 01 01 47 01 63 00 63 00 01 01 47 01 65  .a...G.c.c...G.e
    2190: 00 65 00 01 01 47 01 67 00 67 00 01 01 47 01 80  .e...G.g.g...G..
    21A0: 00 80 00 01 01 47 01 92 00 92 00 01 01 47 01 B2  .....G.......G..
    21B0: 00 B2 00 01 02 47 01 00 05 00 05 01 80 47 01 80  .....G.......G..
    21C0: 04 80 04 01 40 79 00 5B 82 22 52 54 43 5F 08 5F  ....@y.[."RTC_._
    21D0: 48 49 44 0C 41 D0 0B 00 08 5F 43 52 53 11 0D 0A  HID.A...._CRS...
    21E0: 0A 47 01 70 00 70 00 01 08 79 00 5B 82 2D 54 49  .G.p.p...y.[.-TI
    21F0: 4D 52 08 5F 48 49 44 0C 41 D0 01 00 08 5F 43 52  MR._HID.A...._CR
    2200: 53 11 18 0A 15 47 01 40 00 40 00 01 04 47 01 50  S....G.@.@...G.P
    2210: 00 50 00 10 04 22 01 00 79 00 5B 82 0F 53 41 54  .P..."..y.[..SAT
    2220: 41 08 5F 41 44 52 0C 02 00 1F 00 5B 82 0F 53 42  A._ADR.....[..SB
    2230: 55 53 08 5F 41 44 52 0C 03 00 1F 00 14 4A 05 5F  US._ADR......J._
    2240: 4F 53 43 04 A0 24 93 68 11 13 0A 10 A9 12 95 7C  OSC..$.h.......|
    2250: 05 17 B4 4C AF 7D 50 6A 24 23 AB 71 A4 5E 2E 58  ...L.}Pj$#.q.^.X
    2260: 48 43 5F 50 4F 53 43 6A 6B A0 19 93 68 11 13 0A  HC_POSCjk...h...
    2270: 10 5B 4D DB 33 F7 1F 1C 40 96 57 74 41 C0 3D D7  .[M.3...@.WtA.=.
    2280: 66 A4 6B 8A 6B 00 43 44 57 31 7D 43 44 57 31 0A  f.k.k.CDW1}CDW1.
    2290: 04 43 44 57 31 A4 6B 5B 82 4C 0C 50 43 49 42 08  .CDW1.k[.L.PCIB.
    22A0: 5F 41 44 52 0C 00 00 1E 00 08 5F 50 52 57 12 06  _ADR......_PRW..
    22B0: 02 0A 0B 0A 04 14 4F 0A 5F 50 52 54 00 A0 3F 50  ......O._PRT..?P
    22C0: 49 43 4D A4 12 38 05 12 09 04 0B FF FF 00 00 0A  ICM..8..........
    22D0: 10 12 09 04 0B FF FF 01 00 0A 11 12 0A 04 0B FF  ................
    22E0: FF 0A 02 00 0A 12 12 0A 04 0B FF FF 0A 03 00 0A  ................
    22F0: 13 12 0B 04 0C FF FF 03 00 00 00 0A 14 A4 12 46  ...............F
    2300: 06 05 12 12 04 0B FF FF 00 5E 5E 2E 4C 50 43 42  .........^^.LPCB
    2310: 4C 4E 4B 41 00 12 12 04 0B FF FF 01 5E 5E 2E 4C  LNKA........^^.L
    2320: 50 43 42 4C 4E 4B 42 00 12 13 04 0B FF FF 0A 02  PCBLNKB.........
    2330: 5E 5E 2E 4C 50 43 42 4C 4E 4B 43 00 12 13 04 0B  ^^.LPCBLNKC.....
    2340: FF FF 0A 03 5E 5E 2E 4C 50 43 42 4C 4E 4B 44 00  ....^^.LPCBLNKD.
    2350: 12 14 04 0C FF FF 03 00 00 5E 5E 2E 4C 50 43 42  .........^^.LPCB
    2360: 4C 4E 4B 45 00                                   LNKE.

FACP @ 0x0000000000000000
    0000: 46 41 43 50 14 01 00 00 06 D5 43 4F 52 45 76 34  FACP......COREv4
    0010: 43 4F 52 45 42 4F 4F 54 00 00 00 00 43 4F 52 45  COREBOOT....CORE
    0020: 28 06 23 20 40 52 E3 7C 00 60 E2 7C 00 01 09 00  (.# @R.|.`.|....
    0030: B2 00 00 00 E1 1E 00 00 00 05 00 00 00 00 00 00  ................
    0040: 04 05 00 00 00 00 00 00 50 05 00 00 08 05 00 00  ........P.......
    0050: 20 05 00 00 00 00 00 00 04 02 01 04 10 00 00 00   ...............
    0060: 65 00 E9 03 00 00 00 00 00 00 0D 00 32 03 00 00  e...........2...
    0070: A5 8C 00 00 01 08 00 01 F9 0C 00 00 00 00 00 00  ................
    0080: 06 00 00 00 00 00 00 00 00 00 00 00 00 60 E2 7C  .............`.|
    0090: 00 00 00 00 01 20 00 02 00 05 00 00 00 00 00 00  ..... ..........
    00A0: 00 00 00 00 00 00 00 00 00 00 00 00 01 10 00 02  ................
    00B0: 04 05 00 00 00 00 00 00 00 00 00 00 00 00 00 00  ................
    00C0: 00 00 00 00 01 08 00 01 50 05 00 00 00 00 00 00  ........P.......
    00D0: 01 20 00 03 08 05 00 00 00 00 00 00 01 80 00 01  . ..............
    00E0: 20 05 00 00 00 00 00 00 00 00 00 00 00 00 00 00   ...............
    00F0: 00 00 00 00 00 00 00 00 00 00 00 00 00 00 00 00  ................
    0100: 00 00 00 00 00 00 00 00 00 00 00 00 00 00 00 00  ................
    0110: 00 00 00 00                                      ....

HPET @ 0x0000000000000000
    0000: 48 50 45 54 38 00 00 00 01 90 43 4F 52 45 76 34  HPET8.....COREv4
    0010: 43 4F 52 45 42 4F 4F 54 00 00 00 00 43 4F 52 45  COREBOOT....CORE
    0020: 28 06 23 20 01 A7 86 80 00 40 00 00 00 00 D0 FE  (.# .....@......
    0030: 00 00 00 00 00 80 00 00                          ........

FACS @ 0x0000000000000000
    0000: 46 41 43 53 40 00 00 00 00 00 00 00 00 00 00 00  FACS@...........
    0010: 00 00 00 00 00 00 00 00 00 00 00 00 00 00 00 00  ................
    0020: 01 90 FC F8 41 BA 7A 2B 48 96 0D 08 A4 60 FC 33  ....A.z+H....`.3
    0030: 72 3F 34 AC 25 91 88 3E DF C8 50 50 39 45 20 41  r?4.%..>..PP9E A

